app/build/intermediates/manifest_merge_blame_file/release/processReleaseMainManifest/manifest-merger-blame-release-report.txt
1<?xml version="1.0" encoding="utf-8"?>
2<manifest xmlns:android="http://schemas.android.com/apk/res/android"
3    package="co.unipiloto.appet"
4    android:versionCode="1"
5    android:versionName="1.0" >
6
7    <uses-sdk
8        android:minSdkVersion="24"
9        android:targetSdkVersion="35" />
10
11    <uses-permission android:name="android.permission.CAMERA" />
11-->src\main\AndroidManifest.xml:5:5-65
11-->src\main\AndroidManifest.xml:5:22-62
12
13    <uses-feature
13-->src\main\AndroidManifest.xml:7:5-9:35
14        android:name="android.hardware.camera"
14-->src\main\AndroidManifest.xml:8:9-47
15        android:required="true" />
15-->src\main\AndroidManifest.xml:9:9-32
16
17    <uses-permission android:name="android.permission.WRITE_EXTERNAL_STORAGE" />
17-->src\main\AndroidManifest.xml:11:5-81
17-->src\main\AndroidManifest.xml:11:22-78
18    <uses-permission android:name="android.permission.READ_MEDIA_IMAGES" />
18-->src\main\AndroidManifest.xml:12:5-76
18-->src\main\AndroidManifest.xml:12:22-73
19    <uses-permission android:name="android.permission.INTERNET" />
19-->src\main\AndroidManifest.xml:13:5-67
19-->src\main\AndroidManifest.xml:13:22-64
20    <uses-permission android:name="android.permission.ACCESS_NETWORK_STATE" />
20-->src\main\AndroidManifest.xml:14:5-79
20-->src\main\AndroidManifest.xml:14:22-76
21    <uses-permission android:name="android.permission.ACCESS_FINE_LOCATION" />
21-->src\main\AndroidManifest.xml:15:5-79
21-->src\main\AndroidManifest.xml:15:22-76
22    <uses-permission android:name="android.permission.ACCESS_COARSE_LOCATION" />
22-->src\main\AndroidManifest.xml:16:5-81
22-->src\main\AndroidManifest.xml:16:22-78
23
24    <uses-feature
24-->[com.google.android.gms:play-services-maps:18.1.0] AndroidManifest.xml:26:5-28:35
25        android:glEsVersion="0x00020000"
25-->[com.google.android.gms:play-services-maps:18.1.0] AndroidManifest.xml:27:9-41
26        android:required="true" />
26-->[com.google.android.gms:play-services-maps:18.1.0] AndroidManifest.xml:28:9-32
27
28    <queries>
28-->[com.google.android.gms:play-services-maps:18.1.0] AndroidManifest.xml:30:5-34:15
29
30        <!-- Needs to be explicitly declared on Android R+ -->
31        <package android:name="com.google.android.apps.maps" />
31-->[com.google.android.gms:play-services-maps:18.1.0] AndroidManifest.xml:33:9-64
31-->[com.google.android.gms:play-services-maps:18.1.0] AndroidManifest.xml:33:18-61
32    </queries>
33
34    <permission
34-->[androidx.core:core:1.13.0] AndroidManifest.xml:22:5-24:47
35        android:name="co.unipiloto.appet.DYNAMIC_RECEIVER_NOT_EXPORTED_PERMISSION"
35-->[androidx.core:core:1.13.0] AndroidManifest.xml:23:9-81
36        android:protectionLevel="signature" />
36-->[androidx.core:core:1.13.0] AndroidManifest.xml:24:9-44
37
38    <uses-permission android:name="co.unipiloto.appet.DYNAMIC_RECEIVER_NOT_EXPORTED_PERMISSION" />
38-->[androidx.core:core:1.13.0] AndroidManifest.xml:26:5-97
38-->[androidx.core:core:1.13.0] AndroidManifest.xml:26:22-94
39
40    <application
40-->src\main\AndroidManifest.xml:18:5-105:19
41        android:allowBackup="true"
41-->src\main\AndroidManifest.xml:19:9-35
42        android:appComponentFactory="androidx.core.app.CoreComponentFactory"
42-->[androidx.core:core:1.13.0] AndroidManifest.xml:28:18-86
43        android:dataExtractionRules="@xml/data_extraction_rules"
43-->src\main\AndroidManifest.xml:20:9-65
44        android:extractNativeLibs="false"
45        android:fullBackupContent="@xml/backup_rules"
45-->src\main\AndroidManifest.xml:21:9-54
46        android:icon="@mipmap/ic_launcher"
46-->src\main\AndroidManifest.xml:22:9-43
47        android:label="@string/app_name"
47-->src\main\AndroidManifest.xml:23:9-41
48        android:networkSecurityConfig="@xml/network_security_config"
48-->src\main\AndroidManifest.xml:24:9-69
49        android:roundIcon="@mipmap/ic_launcher_round"
49-->src\main\AndroidManifest.xml:25:9-54
50        android:supportsRtl="true"
50-->src\main\AndroidManifest.xml:26:9-35
51        android:theme="@style/Theme.APPET"
51-->src\main\AndroidManifest.xml:27:9-43
52        android:usesCleartextTraffic="true" >
52-->src\main\AndroidManifest.xml:28:9-44
53        <activity
53-->src\main\AndroidManifest.xml:30:9-32:40
54            android:name="co.unipiloto.appet.EliminarCuentaActivity"
54-->src\main\AndroidManifest.xml:31:13-51
55            android:exported="false" />
55-->src\main\AndroidManifest.xml:32:13-37
56        <activity
56-->src\main\AndroidManifest.xml:33:9-35:40
57            android:name="co.unipiloto.appet.CambiarContrasenaActivity"
57-->src\main\AndroidManifest.xml:34:13-54
58            android:exported="false" />
58-->src\main\AndroidManifest.xml:35:13-37
59        <activity
59-->src\main\AndroidManifest.xml:36:9-38:40
60            android:name="co.unipiloto.appet.EstadisticasActivity"
60-->src\main\AndroidManifest.xml:37:13-49
61            android:exported="false" />
61-->src\main\AndroidManifest.xml:38:13-37
62        <activity
62-->src\main\AndroidManifest.xml:39:9-41:40
63            android:name="co.unipiloto.appet.ActualizarPerfil"
63-->src\main\AndroidManifest.xml:40:13-45
64            android:exported="false" />
64-->src\main\AndroidManifest.xml:41:13-37
65        <activity
65-->src\main\AndroidManifest.xml:42:9-44:40
66            android:name="co.unipiloto.appet.EliminarUsuario"
66-->src\main\AndroidManifest.xml:43:13-44
67            android:exported="false" />
67-->src\main\AndroidManifest.xml:44:13-37
68        <activity
68-->src\main\AndroidManifest.xml:45:9-47:40
69            android:name="co.unipiloto.appet.EliminarMascota"
69-->src\main\AndroidManifest.xml:46:13-44
70            android:exported="false" />
70-->src\main\AndroidManifest.xml:47:13-37
71        <activity
71-->src\main\AndroidManifest.xml:48:9-50:40
72            android:name="co.unipiloto.appet.RitmoCardiacoFecha"
72-->src\main\AndroidManifest.xml:49:13-47
73            android:exported="false" />
73-->src\main\AndroidManifest.xml:50:13-37
74        <activity
74-->src\main\AndroidManifest.xml:51:9-55:50
75            android:name="co.unipiloto.appet.UbicacionActualActivity"
75-->src\main\AndroidManifest.xml:52:13-52
76            android:exported="false"
76-->src\main\AndroidManifest.xml:53:13-37
77            android:label="@string/title_activity_ubicacion_actual"
77-->src\main\AndroidManifest.xml:54:13-68
78            android:theme="@style/Theme.APPET" />
78-->src\main\AndroidManifest.xml:55:13-47
79        <activity
79-->src\main\AndroidManifest.xml:56:9-58:40
80            android:name="co.unipiloto.appet.HacerRecorridoActivity"
80-->src\main\AndroidManifest.xml:57:13-51
81            android:exported="false" />
81-->src\main\AndroidManifest.xml:58:13-37
82        <!--
83             TODO: Before you run your application, you need a Google Maps API key.
84
85             To get one, follow the directions here:
86
87                https://developers.google.com/maps/documentation/android-sdk/get-api-key
88
89             Once you have your API key (it starts with "AIza"), define a new property in your
90             project's local.properties file (e.g. MAPS_API_KEY=Aiza...), and replace the
91             "YOUR_API_KEY" string in this file with "${MAPS_API_KEY}".
92        -->
93        <meta-data
93-->src\main\AndroidManifest.xml:70:9-72:71
94            android:name="com.google.android.geo.API_KEY"
94-->src\main\AndroidManifest.xml:71:13-58
95            android:value="AIzaSyDqWVG8-NMxfXf1wvdKMUx1wJbaN7SRPJA" />
95-->src\main\AndroidManifest.xml:72:13-68
96
97        <activity
97-->src\main\AndroidManifest.xml:74:9-77:70
98            android:name="co.unipiloto.appet.RecorridoFechaActivity"
98-->src\main\AndroidManifest.xml:75:13-51
99            android:exported="false"
99-->src\main\AndroidManifest.xml:76:13-37
100            android:label="@string/title_activity_recorrido_fecha" />
100-->src\main\AndroidManifest.xml:77:13-67
101        <activity
101-->src\main\AndroidManifest.xml:78:9-80:40
102            android:name="co.unipiloto.appet.RegistrarAgenda"
102-->src\main\AndroidManifest.xml:79:13-44
103            android:exported="false" />
103-->src\main\AndroidManifest.xml:80:13-37
104        <activity
104-->src\main\AndroidManifest.xml:81:9-83:40
105            android:name="co.unipiloto.appet.PerfilAgenda"
105-->src\main\AndroidManifest.xml:82:13-41
106            android:exported="false" />
106-->src\main\AndroidManifest.xml:83:13-37
107        <activity
107-->src\main\AndroidManifest.xml:84:9-92:20
108            android:name="co.unipiloto.appet.MainActivity"
108-->src\main\AndroidManifest.xml:85:13-41
109            android:exported="true" >
109-->src\main\AndroidManifest.xml:86:13-36
110            <intent-filter>
110-->src\main\AndroidManifest.xml:87:13-91:29
111                <action android:name="android.intent.action.MAIN" />
111-->src\main\AndroidManifest.xml:88:17-69
111-->src\main\AndroidManifest.xml:88:25-66
112
113                <category android:name="android.intent.category.LAUNCHER" />
113-->src\main\AndroidManifest.xml:90:17-77
113-->src\main\AndroidManifest.xml:90:27-74
114            </intent-filter>
115        </activity>
116        <activity android:name="co.unipiloto.appet.RegistroMascota" />
116-->src\main\AndroidManifest.xml:93:9-53
116-->src\main\AndroidManifest.xml:93:19-50
117        <activity android:name="co.unipiloto.appet.LogIn" />
117-->src\main\AndroidManifest.xml:94:9-43
117-->src\main\AndroidManifest.xml:94:19-40
118        <activity android:name="co.unipiloto.appet.RegistroUsuario" />
118-->src\main\AndroidManifest.xml:95:9-53
118-->src\main\AndroidManifest.xml:95:19-50
119        <activity android:name="co.unipiloto.appet.HistorialMedico" />
119-->src\main\AndroidManifest.xml:96:9-53
119-->src\main\AndroidManifest.xml:96:19-50
120        <activity android:name="co.unipiloto.appet.PerfilUsuario" />
120-->src\main\AndroidManifest.xml:97:9-51
120-->src\main\AndroidManifest.xml:97:19-48
121        <activity android:name="co.unipiloto.appet.PerfilMascota" />
121-->src\main\AndroidManifest.xml:98:9-51
121-->src\main\AndroidManifest.xml:98:19-48
122        <activity android:name="co.unipiloto.appet.Ejercicios" />
122-->src\main\AndroidManifest.xml:99:9-48
122-->src\main\AndroidManifest.xml:99:19-45
123        <activity android:name="co.unipiloto.appet.EliminarEjercicio" />
123-->src\main\AndroidManifest.xml:100:9-55
123-->src\main\AndroidManifest.xml:100:19-52
124        <activity android:name="co.unipiloto.appet.AgregarEjercicio" />
124-->src\main\AndroidManifest.xml:101:9-54
124-->src\main\AndroidManifest.xml:101:19-51
125        <activity android:name="co.unipiloto.appet.ActualizarEjercicio" />
125-->src\main\AndroidManifest.xml:102:9-57
125-->src\main\AndroidManifest.xml:102:19-54
126        <activity android:name="co.unipiloto.appet.RitmoCardiaco" />
126-->src\main\AndroidManifest.xml:103:9-51
126-->src\main\AndroidManifest.xml:103:19-48
127        <activity android:name="co.unipiloto.appet.Vincular" />
127-->src\main\AndroidManifest.xml:104:9-46
127-->src\main\AndroidManifest.xml:104:19-43
128        <!-- Needs to be explicitly declared on P+ -->
129        <uses-library
129-->[com.google.android.gms:play-services-maps:18.1.0] AndroidManifest.xml:39:9-41:40
130            android:name="org.apache.http.legacy"
130-->[com.google.android.gms:play-services-maps:18.1.0] AndroidManifest.xml:40:13-50
131            android:required="false" />
131-->[com.google.android.gms:play-services-maps:18.1.0] AndroidManifest.xml:41:13-37
132
133        <activity
133-->[com.google.android.gms:play-services-base:18.0.1] AndroidManifest.xml:20:9-22:45
134            android:name="com.google.android.gms.common.api.GoogleApiActivity"
134-->[com.google.android.gms:play-services-base:18.0.1] AndroidManifest.xml:20:19-85
135            android:exported="false"
135-->[com.google.android.gms:play-services-base:18.0.1] AndroidManifest.xml:22:19-43
136            android:theme="@android:style/Theme.Translucent.NoTitleBar" />
136-->[com.google.android.gms:play-services-base:18.0.1] AndroidManifest.xml:21:19-78
137
138        <meta-data
138-->[com.google.android.gms:play-services-basement:18.0.0] AndroidManifest.xml:21:9-23:69
139            android:name="com.google.android.gms.version"
139-->[com.google.android.gms:play-services-basement:18.0.0] AndroidManifest.xml:22:13-58
140            android:value="@integer/google_play_services_version" />
140-->[com.google.android.gms:play-services-basement:18.0.0] AndroidManifest.xml:23:13-66
141
142        <provider
142-->[androidx.emoji2:emoji2:1.3.0] AndroidManifest.xml:24:9-32:20
143            android:name="androidx.startup.InitializationProvider"
143-->[androidx.emoji2:emoji2:1.3.0] AndroidManifest.xml:25:13-67
144            android:authorities="co.unipiloto.appet.androidx-startup"
144-->[androidx.emoji2:emoji2:1.3.0] AndroidManifest.xml:26:13-68
145            android:exported="false" >
145-->[androidx.emoji2:emoji2:1.3.0] AndroidManifest.xml:27:13-37
146            <meta-data
146-->[androidx.emoji2:emoji2:1.3.0] AndroidManifest.xml:29:13-31:52
147                android:name="androidx.emoji2.text.EmojiCompatInitializer"
147-->[androidx.emoji2:emoji2:1.3.0] AndroidManifest.xml:30:17-75
148                android:value="androidx.startup" />
148-->[androidx.emoji2:emoji2:1.3.0] AndroidManifest.xml:31:17-49
149            <meta-data
149-->[androidx.lifecycle:lifecycle-process:2.8.7] AndroidManifest.xml:29:13-31:52
150                android:name="androidx.lifecycle.ProcessLifecycleInitializer"
150-->[androidx.lifecycle:lifecycle-process:2.8.7] AndroidManifest.xml:30:17-78
151                android:value="androidx.startup" />
151-->[androidx.lifecycle:lifecycle-process:2.8.7] AndroidManifest.xml:31:17-49
152            <meta-data
152-->[androidx.profileinstaller:profileinstaller:1.4.0] AndroidManifest.xml:29:13-31:52
153                android:name="androidx.profileinstaller.ProfileInstallerInitializer"
153-->[androidx.profileinstaller:profileinstaller:1.4.0] AndroidManifest.xml:30:17-85
154                android:value="androidx.startup" />
154-->[androidx.profileinstaller:profileinstaller:1.4.0] AndroidManifest.xml:31:17-49
155        </provider>
156
157        <receiver
157-->[androidx.profileinstaller:profileinstaller:1.4.0] AndroidManifest.xml:34:9-52:20
158            android:name="androidx.profileinstaller.ProfileInstallReceiver"
158-->[androidx.profileinstaller:profileinstaller:1.4.0] AndroidManifest.xml:35:13-76
159            android:directBootAware="false"
159-->[androidx.profileinstaller:profileinstaller:1.4.0] AndroidManifest.xml:36:13-44
160            android:enabled="true"
160-->[androidx.profileinstaller:profileinstaller:1.4.0] AndroidManifest.xml:37:13-35
161            android:exported="true"
161-->[androidx.profileinstaller:profileinstaller:1.4.0] AndroidManifest.xml:38:13-36
162            android:permission="android.permission.DUMP" >
162-->[androidx.profileinstaller:profileinstaller:1.4.0] AndroidManifest.xml:39:13-57
163            <intent-filter>
163-->[androidx.profileinstaller:profileinstaller:1.4.0] AndroidManifest.xml:40:13-42:29
164                <action android:name="androidx.profileinstaller.action.INSTALL_PROFILE" />
164-->[androidx.profileinstaller:profileinstaller:1.4.0] AndroidManifest.xml:41:17-91
164-->[androidx.profileinstaller:profileinstaller:1.4.0] AndroidManifest.xml:41:25-88
165            </intent-filter>
166            <intent-filter>
166-->[androidx.profileinstaller:profileinstaller:1.4.0] AndroidManifest.xml:43:13-45:29
167                <action android:name="androidx.profileinstaller.action.SKIP_FILE" />
167-->[androidx.profileinstaller:profileinstaller:1.4.0] AndroidManifest.xml:44:17-85
167-->[androidx.profileinstaller:profileinstaller:1.4.0] AndroidManifest.xml:44:25-82
168            </intent-filter>
169            <intent-filter>
169-->[androidx.profileinstaller:profileinstaller:1.4.0] AndroidManifest.xml:46:13-48:29
170                <action android:name="androidx.profileinstaller.action.SAVE_PROFILE" />
170-->[androidx.profileinstaller:profileinstaller:1.4.0] AndroidManifest.xml:47:17-88
170-->[androidx.profileinstaller:profileinstaller:1.4.0] AndroidManifest.xml:47:25-85
171            </intent-filter>
172            <intent-filter>
172-->[androidx.profileinstaller:profileinstaller:1.4.0] AndroidManifest.xml:49:13-51:29
173                <action android:name="androidx.profileinstaller.action.BENCHMARK_OPERATION" />
173-->[androidx.profileinstaller:profileinstaller:1.4.0] AndroidManifest.xml:50:17-95
173-->[androidx.profileinstaller:profileinstaller:1.4.0] AndroidManifest.xml:50:25-92
174            </intent-filter>
175        </receiver>
176    </application>
177
178</manifest>